# JRE version: Java(TM) SE Runtime Environment (8.0_66-b18) (build 1.8.0_66-b18)
# Java VM: Java HotSpot(TM) 64-Bit Server VM (25.66-b18 mixed mode windows-amd64 compressed oops)
Heap:
 PSYoungGen      total 71680K, used 65911K [0x00000000d5d00000, 0x00000000dd480000, 0x0000000100000000)
  eden space 66560K, 91% used [0x00000000d5d00000,0x00000000d9861de8,0x00000000d9e00000)
  from space 5120K, 99% used [0x00000000d9e00000,0x00000000da2fc030,0x00000000da300000)
  to   space 11264K, 0% used [0x00000000dc980000,0x00000000dc980000,0x00000000dd480000)
 ParOldGen       total 58880K, used 12840K [0x0000000081600000, 0x0000000084f80000, 0x00000000d5d00000)
  object space 58880K, 21% used [0x0000000081600000,0x000000008228a140,0x0000000084f80000)
 Metaspace       used 29108K, capacity 29406K, committed 29696K, reserved 1075200K
  class space    used 3618K, capacity 3714K, committed 3840K, reserved 1048576K
GC Heap History (10 events):
Event: 1.485 GC heap before
{Heap before GC invocations=2 (full 0):
 PSYoungGen      total 38400K, used 38391K [0x00000000d5d00000, 0x00000000d8780000, 0x0000000100000000)
  eden space 33280K, 100% used [0x00000000d5d00000,0x00000000d7d80000,0x00000000d7d80000)
  from space 5120K, 99% used [0x00000000d7d80000,0x00000000d827dea8,0x00000000d8280000)
  to   space 5120K, 0% used [0x00000000d8280000,0x00000000d8280000,0x00000000d8780000)
 ParOldGen       total 87552K, used 847K [0x0000000081600000, 0x0000000086b80000, 0x00000000d5d00000)
  object space 87552K, 0% used [0x0000000081600000,0x00000000816d3d20,0x0000000086b80000)
 Metaspace       used 15052K, capacity 15292K, committed 15488K, reserved 1062912K
  class space    used 1837K, capacity 1902K, committed 1920K, reserved 1048576K
Event: 1.496 GC heap after
Heap after GC invocations=2 (full 0):
 PSYoungGen      total 38400K, used 5112K [0x00000000d5d00000, 0x00000000da800000, 0x0000000100000000)
  eden space 33280K, 0% used [0x00000000d5d00000,0x00000000d5d00000,0x00000000d7d80000)
  from space 5120K, 99% used [0x00000000d8280000,0x00000000d877e3f0,0x00000000d8780000)
  to   space 5120K, 0% used [0x00000000d7d80000,0x00000000d7d80000,0x00000000d8280000)
 ParOldGen       total 87552K, used 2905K [0x0000000081600000, 0x0000000086b80000, 0x00000000d5d00000)
  object space 87552K, 3% used [0x0000000081600000,0x00000000818d6718,0x0000000086b80000)
 Metaspace       used 15052K, capacity 15292K, committed 15488K, reserved 1062912K
  class space    used 1837K, capacity 1902K, committed 1920K, reserved 1048576K
}
Event: 2.068 GC heap before
{Heap before GC invocations=3 (full 0):
 PSYoungGen      total 38400K, used 38392K [0x00000000d5d00000, 0x00000000da800000, 0x0000000100000000)
  eden space 33280K, 100% used [0x00000000d5d00000,0x00000000d7d80000,0x00000000d7d80000)
  from space 5120K, 99% used [0x00000000d8280000,0x00000000d877e3f0,0x00000000d8780000)
  to   space 5120K, 0% used [0x00000000d7d80000,0x00000000d7d80000,0x00000000d8280000)
 ParOldGen       total 87552K, used 2905K [0x0000000081600000, 0x0000000086b80000, 0x00000000d5d00000)
  object space 87552K, 3% used [0x0000000081600000,0x00000000818d6718,0x0000000086b80000)
 Metaspace       used 19498K, capacity 19826K, committed 20224K, reserved 1067008K
  class space    used 2390K, capacity 2472K, committed 2560K, reserved 1048576K
Event: 2.078 GC heap after
Heap after GC invocations=3 (full 0):
 PSYoungGen      total 38400K, used 5088K [0x00000000d5d00000, 0x00000000da800000, 0x0000000100000000)
  eden space 33280K, 0% used [0x00000000d5d00000,0x00000000d5d00000,0x00000000d7d80000)
  from space 5120K, 99% used [0x00000000d7d80000,0x00000000d8278020,0x00000000d8280000)
  to   space 5120K, 0% used [0x00000000da300000,0x00000000da300000,0x00000000da800000)
 ParOldGen       total 87552K, used 5483K [0x0000000081600000, 0x0000000086b80000, 0x00000000d5d00000)
  object space 87552K, 6% used [0x0000000081600000,0x0000000081b5ac90,0x0000000086b80000)
 Metaspace       used 19498K, capacity 19826K, committed 20224K, reserved 1067008K
  class space    used 2390K, capacity 2472K, committed 2560K, reserved 1048576K
}
Event: 2.490 GC heap before
{Heap before GC invocations=4 (full 0):
 PSYoungGen      total 38400K, used 22182K [0x00000000d5d00000, 0x00000000da800000, 0x0000000100000000)
  eden space 33280K, 51% used [0x00000000d5d00000,0x00000000d6db1bc0,0x00000000d7d80000)
  from space 5120K, 99% used [0x00000000d7d80000,0x00000000d8278020,0x00000000d8280000)
  to   space 5120K, 0% used [0x00000000da300000,0x00000000da300000,0x00000000da800000)
 ParOldGen       total 87552K, used 5483K [0x0000000081600000, 0x0000000086b80000, 0x00000000d5d00000)
  object space 87552K, 6% used [0x0000000081600000,0x0000000081b5ac90,0x0000000086b80000)
 Metaspace       used 20818K, capacity 21098K, committed 21296K, reserved 1069056K
  class space    used 2545K, capacity 2636K, committed 2688K, reserved 1048576K
Event: 2.501 GC heap after
Heap after GC invocations=4 (full 0):
 PSYoungGen      total 71680K, used 5104K [0x00000000d5d00000, 0x00000000da800000, 0x0000000100000000)
  eden space 66560K, 0% used [0x00000000d5d00000,0x00000000d5d00000,0x00000000d9e00000)
  from space 5120K, 99% used [0x00000000da300000,0x00000000da7fc030,0x00000000da800000)
  to   space 5120K, 0% used [0x00000000d9e00000,0x00000000d9e00000,0x00000000da300000)
 ParOldGen       total 87552K, used 6928K [0x0000000081600000, 0x0000000086b80000, 0x00000000d5d00000)
  object space 87552K, 7% used [0x0000000081600000,0x0000000081cc4138,0x0000000086b80000)
 Metaspace       used 20818K, capacity 21098K, committed 21296K, reserved 1069056K
  class space    used 2545K, capacity 2636K, committed 2688K, reserved 1048576K
}
Event: 2.501 GC heap before
{Heap before GC invocations=5 (full 1):
 PSYoungGen      total 71680K, used 5104K [0x00000000d5d00000, 0x00000000da800000, 0x0000000100000000)
  eden space 66560K, 0% used [0x00000000d5d00000,0x00000000d5d00000,0x00000000d9e00000)
  from space 5120K, 99% used [0x00000000da300000,0x00000000da7fc030,0x00000000da800000)
  to   space 5120K, 0% used [0x00000000d9e00000,0x00000000d9e00000,0x00000000da300000)
 ParOldGen       total 87552K, used 6928K [0x0000000081600000, 0x0000000086b80000, 0x00000000d5d00000)
  object space 87552K, 7% used [0x0000000081600000,0x0000000081cc4138,0x0000000086b80000)
 Metaspace       used 20818K, capacity 21098K, committed 21296K, reserved 1069056K
  class space    used 2545K, capacity 2636K, committed 2688K, reserved 1048576K
Event: 2.541 GC heap after
Heap after GC invocations=5 (full 1):
 PSYoungGen      total 71680K, used 0K [0x00000000d5d00000, 0x00000000da800000, 0x0000000100000000)
  eden space 66560K, 0% used [0x00000000d5d00000,0x00000000d5d00000,0x00000000d9e00000)
  from space 5120K, 0% used [0x00000000da300000,0x00000000da300000,0x00000000da800000)
  to   space 5120K, 0% used [0x00000000d9e00000,0x00000000d9e00000,0x00000000da300000)
 ParOldGen       total 58880K, used 6661K [0x0000000081600000, 0x0000000084f80000, 0x00000000d5d00000)
  object space 58880K, 11% used [0x0000000081600000,0x0000000081c814f8,0x0000000084f80000)
 Metaspace       used 20818K, capacity 21098K, committed 21296K, reserved 1069056K
  class space    used 2545K, capacity 2636K, committed 2688K, reserved 1048576K
}
Event: 3.677 GC heap before
{Heap before GC invocations=6 (full 1):
 PSYoungGen      total 71680K, used 66560K [0x00000000d5d00000, 0x00000000da800000, 0x0000000100000000)
  eden space 66560K, 100% used [0x00000000d5d00000,0x00000000d9e00000,0x00000000d9e00000)
  from space 5120K, 0% used [0x00000000da300000,0x00000000da300000,0x00000000da800000)
  to   space 5120K, 0% used [0x00000000d9e00000,0x00000000d9e00000,0x00000000da300000)
 ParOldGen       total 58880K, used 6661K [0x0000000081600000, 0x0000000084f80000, 0x00000000d5d00000)
  object space 58880K, 11% used [0x0000000081600000,0x0000000081c814f8,0x0000000084f80000)
 Metaspace       used 26825K, capacity 27080K, committed 27264K, reserved 1073152K
  class space    used 3319K, capacity 3389K, committed 3456K, reserved 1048576K
Event: 3.690 GC heap after
Heap after GC invocations=6 (full 1):
 PSYoungGen      total 71680K, used 5104K [0x00000000d5d00000, 0x00000000dd480000, 0x0000000100000000)
  eden space 66560K, 0% used [0x00000000d5d00000,0x00000000d5d00000,0x00000000d9e00000)
  from space 5120K, 99% used [0x00000000d9e00000,0x00000000da2fc030,0x00000000da300000)
  to   space 11264K, 0% used [0x00000000dc980000,0x00000000dc980000,0x00000000dd480000)
 ParOldGen       total 58880K, used 12840K [0x0000000081600000, 0x0000000084f80000, 0x00000000d5d00000)
  object space 58880K, 21% used [0x0000000081600000,0x000000008228a140,0x0000000084f80000)
 Metaspace       used 26825K, capacity 27080K, committed 27264K, reserved 1073152K
  class space    used 3319K, capacity 3389K, committed 3456K, reserved 1048576K
}

